<?xml version="1.0" encoding="UTF-8"?>
<!-- Generated by org.testng.reporters.JUnitXMLReporter -->
<testsuite ignored="0" hostname="KOKACHI" failures="0" tests="4" name="GroupTest" time="188.651" errors="0" timestamp="2022-12-16T21:45:08 IST">
  <testcase classname="com.medcoTNG.Appoinment" name="login" time="19.568"/>
  <testcase classname="com.medcoTNG.Appoinment" name="Add_Appointment" time="106.723"/>
  <testcase classname="com.medcoTNG.Doctorwise" name="loginHospital" time="13.416"/>
  <testcase classname="com.medcoTNG.Doctorwise" name="Appointment" time="33.396"/>
</testsuite> <!-- GroupTest -->
