<?xml version="1.0" encoding="UTF-8"?>
<testng-results ignored="0" total="1" passed="1" failed="0" skipped="0">
  <reporter-output>
  </reporter-output>
  <suite started-at="2023-01-09T13:49:27 IST" name="Default suite" finished-at="2023-01-09T13:50:04 IST" duration-ms="36852">
    <groups>
    </groups>
    <test started-at="2023-01-09T13:49:27 IST" name="Default test" finished-at="2023-01-09T13:50:04 IST" duration-ms="36852">
      <class name="com.DDTestNG.DifferentSheet">
        <test-method is-config="true" signature="beforeClass()[pri:0, instance:com.DDTestNG.DifferentSheet@485966cc]" started-at="2023-01-09T13:49:27 IST" name="beforeClass" finished-at="2023-01-09T13:49:39 IST" duration-ms="12420" status="PASS">
          <reporter-output>
          </reporter-output>
        </test-method> <!-- beforeClass -->
        <test-method signature="fvalid()[pri:3, instance:com.DDTestNG.DifferentSheet@485966cc]" started-at="2023-01-09T13:49:39 IST" name="fvalid" finished-at="2023-01-09T13:49:58 IST" duration-ms="19149" status="PASS">
          <reporter-output>
          </reporter-output>
        </test-method> <!-- fvalid -->
        <test-method is-config="true" signature="afterClass()[pri:0, instance:com.DDTestNG.DifferentSheet@485966cc]" started-at="2023-01-09T13:49:58 IST" name="afterClass" finished-at="2023-01-09T13:50:04 IST" duration-ms="5227" status="PASS">
          <reporter-output>
          </reporter-output>
        </test-method> <!-- afterClass -->
      </class> <!-- com.DDTestNG.DifferentSheet -->
    </test> <!-- Default test -->
  </suite> <!-- Default suite -->
</testng-results>
